<?xml version="1.0" encoding="UTF-8"?>
<!-- Generated by org.testng.reporters.JUnitXMLReporter -->
<testsuite ignored="0" hostname="HYDMBCP1069" failures="0" tests="4" name="Default test" time="0.097" errors="0" timestamp="2024-06-24T11:50:20 IST">
  <testcase classname="test.TestNGAnnotations" name="firstGroupMethodOne" time="0.019"/>
  <testcase classname="test.TestNGAnnotations" name="firstGroupMethodTwo" time="0.002"/>
  <testcase classname="test.TestNGAnnotations" name="secondGroupMethodOne" time="0.002"/>
  <testcase classname="test.TestNGAnnotations" name="secondGroupMethodTwo" time="0.001"/>
</testsuite> <!-- Default test -->
