<?xml version="1.0" encoding="UTF-8"?>
<testng-results ignored="0" total="4" passed="4" failed="0" skipped="0">
  <reporter-output>
  </reporter-output>
  <suite started-at="2024-06-24T11:50:20 IST" name="Default suite" finished-at="2024-06-24T11:50:20 IST" duration-ms="97">
    <groups>
      <group name="secondGroup">
        <method signature="TestNGAnnotations.secondGroupMethodOne()[pri:0, instance:test.TestNGAnnotations@2145b572]" name="secondGroupMethodOne" class="test.TestNGAnnotations"/>
        <method signature="TestNGAnnotations.secondGroupMethodTwo()[pri:0, instance:test.TestNGAnnotations@2145b572]" name="secondGroupMethodTwo" class="test.TestNGAnnotations"/>
      </group> <!-- secondGroup -->
      <group name="firstGroup">
        <method signature="TestNGAnnotations.firstGroupMethodOne()[pri:0, instance:test.TestNGAnnotations@2145b572]" name="firstGroupMethodOne" class="test.TestNGAnnotations"/>
        <method signature="TestNGAnnotations.firstGroupMethodTwo()[pri:0, instance:test.TestNGAnnotations@2145b572]" name="firstGroupMethodTwo" class="test.TestNGAnnotations"/>
      </group> <!-- firstGroup -->
    </groups>
    <test started-at="2024-06-24T11:50:20 IST" name="Default test" finished-at="2024-06-24T11:50:20 IST" duration-ms="97">
      <class name="test.TestNGAnnotations">
        <test-method is-config="true" signature="beforeSuite()[pri:0, instance:test.TestNGAnnotations@2145b572]" started-at="2024-06-24T11:50:20 IST" name="beforeSuite" finished-at="2024-06-24T11:50:20 IST" duration-ms="12" status="PASS">
          <reporter-output>
          </reporter-output>
        </test-method> <!-- beforeSuite -->
        <test-method is-config="true" signature="beforeTest()[pri:0, instance:test.TestNGAnnotations@2145b572]" started-at="2024-06-24T11:50:20 IST" name="beforeTest" finished-at="2024-06-24T11:50:20 IST" duration-ms="1" status="PASS">
          <reporter-output>
          </reporter-output>
        </test-method> <!-- beforeTest -->
        <test-method is-config="true" signature="beforeClass()[pri:0, instance:test.TestNGAnnotations@2145b572]" started-at="2024-06-24T11:50:20 IST" name="beforeClass" finished-at="2024-06-24T11:50:20 IST" duration-ms="1" status="PASS">
          <reporter-output>
          </reporter-output>
        </test-method> <!-- beforeClass -->
        <test-method is-config="true" signature="beforeMethod()[pri:0, instance:test.TestNGAnnotations@2145b572]" started-at="2024-06-24T11:50:20 IST" name="beforeMethod" finished-at="2024-06-24T11:50:20 IST" duration-ms="1" status="PASS">
          <reporter-output>
          </reporter-output>
        </test-method> <!-- beforeMethod -->
        <test-method signature="firstGroupMethodOne()[pri:0, instance:test.TestNGAnnotations@2145b572]" started-at="2024-06-24T11:50:20 IST" name="firstGroupMethodOne" finished-at="2024-06-24T11:50:20 IST" duration-ms="19" status="PASS">
          <reporter-output>
          </reporter-output>
        </test-method> <!-- firstGroupMethodOne -->
        <test-method is-config="true" signature="afterMethod()[pri:0, instance:test.TestNGAnnotations@2145b572]" started-at="2024-06-24T11:50:20 IST" name="afterMethod" finished-at="2024-06-24T11:50:20 IST" duration-ms="0" status="PASS">
          <reporter-output>
          </reporter-output>
        </test-method> <!-- afterMethod -->
        <test-method is-config="true" signature="beforeMethod()[pri:0, instance:test.TestNGAnnotations@2145b572]" started-at="2024-06-24T11:50:20 IST" name="beforeMethod" finished-at="2024-06-24T11:50:20 IST" duration-ms="1" status="PASS">
          <reporter-output>
          </reporter-output>
        </test-method> <!-- beforeMethod -->
        <test-method signature="firstGroupMethodTwo()[pri:0, instance:test.TestNGAnnotations@2145b572]" started-at="2024-06-24T11:50:20 IST" name="firstGroupMethodTwo" finished-at="2024-06-24T11:50:20 IST" duration-ms="2" status="PASS">
          <reporter-output>
          </reporter-output>
        </test-method> <!-- firstGroupMethodTwo -->
        <test-method is-config="true" signature="afterMethod()[pri:0, instance:test.TestNGAnnotations@2145b572]" started-at="2024-06-24T11:50:20 IST" name="afterMethod" finished-at="2024-06-24T11:50:20 IST" duration-ms="0" status="PASS">
          <reporter-output>
          </reporter-output>
        </test-method> <!-- afterMethod -->
        <test-method signature="secondGroupMethodOne()[pri:0, instance:test.TestNGAnnotations@2145b572]" started-at="2024-06-24T11:50:20 IST" name="secondGroupMethodOne" finished-at="2024-06-24T11:50:20 IST" duration-ms="2" status="PASS">
          <reporter-output>
          </reporter-output>
        </test-method> <!-- secondGroupMethodOne -->
        <test-method is-config="true" signature="beforeMethod()[pri:0, instance:test.TestNGAnnotations@2145b572]" started-at="2024-06-24T11:50:20 IST" name="beforeMethod" finished-at="2024-06-24T11:50:20 IST" duration-ms="0" status="PASS">
          <reporter-output>
          </reporter-output>
        </test-method> <!-- beforeMethod -->
        <test-method is-config="true" signature="afterMethod()[pri:0, instance:test.TestNGAnnotations@2145b572]" started-at="2024-06-24T11:50:20 IST" name="afterMethod" finished-at="2024-06-24T11:50:20 IST" duration-ms="0" status="PASS">
          <reporter-output>
          </reporter-output>
        </test-method> <!-- afterMethod -->
        <test-method signature="secondGroupMethodTwo()[pri:0, instance:test.TestNGAnnotations@2145b572]" started-at="2024-06-24T11:50:20 IST" name="secondGroupMethodTwo" finished-at="2024-06-24T11:50:20 IST" duration-ms="1" status="PASS">
          <reporter-output>
          </reporter-output>
        </test-method> <!-- secondGroupMethodTwo -->
        <test-method is-config="true" signature="beforeMethod()[pri:0, instance:test.TestNGAnnotations@2145b572]" started-at="2024-06-24T11:50:20 IST" name="beforeMethod" finished-at="2024-06-24T11:50:20 IST" duration-ms="0" status="PASS">
          <reporter-output>
          </reporter-output>
        </test-method> <!-- beforeMethod -->
        <test-method is-config="true" signature="afterMethod()[pri:0, instance:test.TestNGAnnotations@2145b572]" started-at="2024-06-24T11:50:20 IST" name="afterMethod" finished-at="2024-06-24T11:50:20 IST" duration-ms="1" status="PASS">
          <reporter-output>
          </reporter-output>
        </test-method> <!-- afterMethod -->
        <test-method is-config="true" signature="afterClass()[pri:0, instance:test.TestNGAnnotations@2145b572]" started-at="2024-06-24T11:50:20 IST" name="afterClass" finished-at="2024-06-24T11:50:20 IST" duration-ms="0" status="PASS">
          <reporter-output>
          </reporter-output>
        </test-method> <!-- afterClass -->
        <test-method is-config="true" signature="afterTest()[pri:0, instance:test.TestNGAnnotations@2145b572]" started-at="2024-06-24T11:50:20 IST" name="afterTest" finished-at="2024-06-24T11:50:20 IST" duration-ms="1" status="PASS">
          <reporter-output>
          </reporter-output>
        </test-method> <!-- afterTest -->
        <test-method is-config="true" signature="afterSuite()[pri:0, instance:test.TestNGAnnotations@2145b572]" started-at="2024-06-24T11:50:20 IST" name="afterSuite" finished-at="2024-06-24T11:50:20 IST" duration-ms="1" status="PASS">
          <reporter-output>
          </reporter-output>
        </test-method> <!-- afterSuite -->
      </class> <!-- test.TestNGAnnotations -->
    </test> <!-- Default test -->
  </suite> <!-- Default suite -->
</testng-results>
